2020-05-08 08:53:43,808 [Worker-1: Loading available Gradle versions] INFO  o.e.b.c.i.u.g.PublishedGradleVersions - Gradle version information cache is out-of-date. Trying to update.
2020-05-08 08:53:49,074 [Worker-1: Loading available Gradle versions] INFO  o.e.b.c.i.u.g.PublishedGradleVersions - Updating Gradle version information cache failed. Using outdated cache.
2020-05-08 09:01:14,109 [Worker-9: Importing Maven projects] INFO  o.e.m.c.i.l.LifecycleMappingFactory - Using org.eclipse.m2e.jdt.JarLifecycleMapping lifecycle mapping for MavenProject: com.cg:online-payment-wallet:0.0.1-SNAPSHOT @ C:\Users\Shubham\Sprint2_MicroServices\OnlinePaymentWalletAddWithdraw\pom.xml.
2020-05-08 09:02:13,658 [Worker-9: Importing Maven projects] INFO  o.e.m.j.i.AbstractJavaProjectConfigurator - Adding source folder /OnlinePaymentWalletAddWithdraw/src/main/java
2020-05-08 09:02:13,659 [Worker-9: Importing Maven projects] INFO  o.e.m.j.i.AbstractJavaProjectConfigurator - Adding resource folder /OnlinePaymentWalletAddWithdraw/src/main/resources
2020-05-08 09:02:13,660 [Worker-9: Importing Maven projects] INFO  o.e.m.j.i.AbstractJavaProjectConfigurator - Adding resource folder /OnlinePaymentWalletAddWithdraw/src/main/resources
2020-05-08 09:02:13,662 [Worker-9: Importing Maven projects] INFO  o.e.m.j.i.AbstractJavaProjectConfigurator - Adding source folder /OnlinePaymentWalletAddWithdraw/src/test/java
2020-05-08 09:02:16,107 [Worker-9: Importing Maven projects] INFO  o.e.m.c.i.p.ProjectConfigurationManager - Imported and configured 1 project(s) in 132 sec
2020-05-08 09:02:23,358 [Worker-13: Importing Maven projects] INFO  o.e.m.c.i.l.LifecycleMappingFactory - Using org.eclipse.m2e.jdt.JarLifecycleMapping lifecycle mapping for MavenProject: com.cg:online-payment-wallet-discovery-service:0.0.1-SNAPSHOT @ C:\Users\Shubham\Sprint2_MicroServices\OnlinePaymentWalletDiscoveryService\pom.xml.
2020-05-08 09:02:30,226 [Worker-13: Importing Maven projects] INFO  o.e.m.j.i.AbstractJavaProjectConfigurator - Adding source folder /OnlinePaymentWalletDiscoveryService/src/main/java
2020-05-08 09:02:30,227 [Worker-13: Importing Maven projects] INFO  o.e.m.j.i.AbstractJavaProjectConfigurator - Adding resource folder /OnlinePaymentWalletDiscoveryService/src/main/resources
2020-05-08 09:02:30,227 [Worker-13: Importing Maven projects] INFO  o.e.m.j.i.AbstractJavaProjectConfigurator - Adding resource folder /OnlinePaymentWalletDiscoveryService/src/main/resources
2020-05-08 09:02:30,229 [Worker-13: Importing Maven projects] INFO  o.e.m.j.i.AbstractJavaProjectConfigurator - Adding source folder /OnlinePaymentWalletDiscoveryService/src/test/java
2020-05-08 09:02:30,909 [Worker-13: Importing Maven projects] INFO  o.e.m.c.i.p.ProjectConfigurationManager - Imported and configured 1 project(s) in 11 sec
2020-05-08 09:04:03,559 [Worker-8: Building workspace] INFO  o.e.m.c.i.embedder.EclipseLogger - Using 'UTF-8' encoding to copy filtered resources.
2020-05-08 09:04:03,600 [Worker-8: Building workspace] INFO  o.e.m.c.i.embedder.EclipseLogger - Copying 1 resource
2020-05-08 09:04:03,625 [Worker-8: Building workspace] INFO  o.e.m.c.i.embedder.EclipseLogger - Copying 0 resource
2020-05-08 09:04:03,630 [Worker-8: Building workspace] INFO  o.e.m.c.i.embedder.EclipseLogger - Using 'UTF-8' encoding to copy filtered resources.
2020-05-08 09:04:03,631 [Worker-8: Building workspace] INFO  o.e.m.c.i.embedder.EclipseLogger - skip non existing resourceDirectory C:\Users\Shubham\Sprint2_MicroServices\OnlinePaymentWalletAddWithdraw\src\test\resources
2020-05-08 09:04:15,805 [Worker-8: Building workspace] INFO  o.e.m.c.i.embedder.EclipseLogger - Using 'UTF-8' encoding to copy filtered resources.
2020-05-08 09:04:15,806 [Worker-8: Building workspace] INFO  o.e.m.c.i.embedder.EclipseLogger - Copying 1 resource
2020-05-08 09:04:15,809 [Worker-8: Building workspace] INFO  o.e.m.c.i.embedder.EclipseLogger - Copying 0 resource
2020-05-08 09:04:15,814 [Worker-8: Building workspace] INFO  o.e.m.c.i.embedder.EclipseLogger - Using 'UTF-8' encoding to copy filtered resources.
2020-05-08 09:04:15,814 [Worker-8: Building workspace] INFO  o.e.m.c.i.embedder.EclipseLogger - skip non existing resourceDirectory C:\Users\Shubham\Sprint2_MicroServices\OnlinePaymentWalletDiscoveryService\src\test\resources
2020-05-08 09:05:03,143 [Worker-18: Importing Maven projects] INFO  o.e.m.c.i.l.LifecycleMappingFactory - Using org.eclipse.m2e.jdt.JarLifecycleMapping lifecycle mapping for MavenProject: com.cg:online-payment-wallet-gateway-service:0.0.1-SNAPSHOT @ C:\Users\Shubham\Sprint2_MicroServices\OnlinePaymentWalletGatewayService\pom.xml.
2020-05-08 09:05:08,606 [Worker-18: Importing Maven projects] INFO  o.e.m.j.i.AbstractJavaProjectConfigurator - Adding source folder /OnlinePaymentWalletGatewayService/src/main/java
2020-05-08 09:05:08,607 [Worker-18: Importing Maven projects] INFO  o.e.m.j.i.AbstractJavaProjectConfigurator - Adding resource folder /OnlinePaymentWalletGatewayService/src/main/resources
2020-05-08 09:05:08,608 [Worker-18: Importing Maven projects] INFO  o.e.m.j.i.AbstractJavaProjectConfigurator - Adding resource folder /OnlinePaymentWalletGatewayService/src/main/resources
2020-05-08 09:05:08,614 [Worker-18: Importing Maven projects] INFO  o.e.m.j.i.AbstractJavaProjectConfigurator - Adding source folder /OnlinePaymentWalletGatewayService/src/test/java
2020-05-08 09:05:09,225 [Worker-18: Importing Maven projects] INFO  o.e.m.c.i.p.ProjectConfigurationManager - Imported and configured 1 project(s) in 9 sec
2020-05-08 09:05:13,989 [Worker-16: Building workspace] INFO  o.e.m.c.i.embedder.EclipseLogger - Using 'UTF-8' encoding to copy filtered resources.
2020-05-08 09:05:13,990 [Worker-16: Building workspace] INFO  o.e.m.c.i.embedder.EclipseLogger - Copying 1 resource
2020-05-08 09:05:14,009 [Worker-16: Building workspace] INFO  o.e.m.c.i.embedder.EclipseLogger - Copying 0 resource
2020-05-08 09:05:14,013 [Worker-16: Building workspace] INFO  o.e.m.c.i.embedder.EclipseLogger - Using 'UTF-8' encoding to copy filtered resources.
2020-05-08 09:05:14,013 [Worker-16: Building workspace] INFO  o.e.m.c.i.embedder.EclipseLogger - skip non existing resourceDirectory C:\Users\Shubham\Sprint2_MicroServices\OnlinePaymentWalletGatewayService\src\test\resources
